2026-03-06 18:07:53,638 - autoarray.dataset.imaging.dataset - INFO - IMAGING - Data masked, contains a total of 15380 image-pixels
2026-03-06 18:07:57,520 - jax_plugins.xla_cuda12 - WARNING - cuda_plugin_extension is not found.
2026-03-06 18:09:31,225 - autoarray.inversion.plot.mapper_plotters - INFO - Could not plot the source-plane via the Mapper because of a ValueError.
2026-03-06 18:11:02,016 - autoarray.dataset.imaging.dataset - INFO - IMAGING - Data masked, contains a total of 15380 image-pixels
2026-03-06 18:11:05,699 - jax_plugins.xla_cuda12 - WARNING - cuda_plugin_extension is not found.
2026-03-06 18:12:19,091 - autoarray.inversion.plot.mapper_plotters - INFO - Could not plot the source-plane via the Mapper because of a ValueError.
2026-03-06 18:22:56,978 - jax_plugins.xla_cuda12 - WARNING - cuda_plugin_extension is not found.
2026-03-06 18:23:11,775 - autoarray.inversion.plot.mapper_plotters - INFO - Could not plot the source-plane via the Mapper because of a ValueError.
2026-03-09 11:43:12,718 - autoarray.dataset.imaging.dataset - INFO - IMAGING - Data masked, contains a total of 15380 image-pixels
2026-03-09 11:43:16,709 - jax_plugins.xla_cuda12 - WARNING - cuda_plugin_extension is not found.
2026-03-09 11:45:00,849 - autoarray.inversion.plot.mapper_plotters - INFO - Could not plot the source-plane via the Mapper because of a ValueError.
2026-03-09 11:48:00,183 - jax_plugins.xla_cuda12 - WARNING - cuda_plugin_extension is not found.
2026-03-09 11:48:24,203 - autoarray.inversion.plot.mapper_plotters - INFO - Could not plot the source-plane via the Mapper because of a ValueError.
2026-03-10 08:36:08,205 - autoarray.dataset.imaging.dataset - INFO - IMAGING - Data masked, contains a total of 15380 image-pixels
2026-03-10 08:36:10,483 - jax_plugins.xla_cuda12 - WARNING - cuda_plugin_extension is not found.
2026-03-10 08:36:53,995 - autoarray.inversion.plot.mapper_plotters - INFO - Could not plot the source-plane via the Mapper because of a ValueError.
2026-03-10 08:38:56,788 - jax_plugins.xla_cuda12 - WARNING - cuda_plugin_extension is not found.
2026-03-10 08:39:11,291 - autoarray.inversion.plot.mapper_plotters - INFO - Could not plot the source-plane via the Mapper because of a ValueError.
2026-03-30 16:35:53,431 - autoarray.dataset.imaging.dataset - INFO - IMAGING - Data masked, contains a total of 15380 image-pixels
2026-03-30 16:35:57,507 - jax_plugins.xla_cuda12 - WARNING - cuda_plugin_extension is not found.
2026-03-30 16:38:17,734 - autoarray.dataset.imaging.dataset - INFO - IMAGING - Data masked, contains a total of 15380 image-pixels
2026-03-30 16:38:20,565 - jax_plugins.xla_cuda12 - WARNING - cuda_plugin_extension is not found.
2026-03-30 16:42:39,592 - autoarray.dataset.imaging.dataset - INFO - IMAGING - Data masked, contains a total of 15380 image-pixels
2026-03-30 16:42:43,269 - jax_plugins.xla_cuda12 - WARNING - cuda_plugin_extension is not found.
2026-03-30 16:44:11,098 - autoarray.dataset.imaging.dataset - INFO - IMAGING - Data masked, contains a total of 15380 image-pixels
2026-03-30 16:44:16,203 - jax_plugins.xla_cuda12 - WARNING - cuda_plugin_extension is not found.
2026-03-30 16:46:29,541 - autoarray.dataset.imaging.dataset - INFO - IMAGING - Data masked, contains a total of 15380 image-pixels
2026-03-30 16:46:34,652 - jax_plugins.xla_cuda12 - WARNING - cuda_plugin_extension is not found.
2026-03-30 16:48:07,741 - autoarray.inversion.plot.mapper_plots - INFO - Could not plot the source-plane via the Mapper: The length of c must match either the number of points or the number of triangles
2026-03-30 16:52:50,723 - autoarray.dataset.imaging.dataset - INFO - IMAGING - Data masked, contains a total of 15380 image-pixels
2026-03-30 16:52:58,299 - jax_plugins.xla_cuda12 - WARNING - cuda_plugin_extension is not found.
2026-03-30 16:54:35,232 - autoarray.inversion.plot.mapper_plots - INFO - Could not plot the source-plane via the Mapper: The length of c must match either the number of points or the number of triangles
2026-03-30 17:36:06,144 - autoarray.dataset.imaging.dataset - INFO - IMAGING - Data masked, contains a total of 15380 image-pixels
2026-03-30 17:36:10,824 - jax_plugins.xla_cuda12 - WARNING - cuda_plugin_extension is not found.
2026-03-30 17:39:02,061 - autoarray.dataset.imaging.dataset - INFO - IMAGING - Data masked, contains a total of 15380 image-pixels
2026-03-30 17:39:05,089 - jax_plugins.xla_cuda12 - WARNING - cuda_plugin_extension is not found.
2026-03-30 17:39:20,945 - autoarray.inversion.plot.mapper_plots - INFO - Could not plot the source-plane via the Mapper: name 'bbb' is not defined
2026-03-30 17:39:22,280 - autoarray.inversion.plot.mapper_plots - INFO - Could not plot the source-plane via the Mapper: name 'bbb' is not defined
2026-03-30 17:39:34,596 - autoarray.inversion.plot.mapper_plots - INFO - Could not plot the source-plane via the Mapper: name 'bbb' is not defined
2026-03-30 17:39:47,049 - autoarray.inversion.plot.mapper_plots - INFO - Could not plot the source-plane via the Mapper: name 'bbb' is not defined
2026-03-30 17:39:48,513 - autoarray.inversion.plot.mapper_plots - INFO - Could not plot the source-plane via the Mapper: name 'bbb' is not defined
2026-03-30 17:40:13,061 - autoarray.dataset.imaging.dataset - INFO - IMAGING - Data masked, contains a total of 15380 image-pixels
2026-03-30 17:40:17,592 - jax_plugins.xla_cuda12 - WARNING - cuda_plugin_extension is not found.
2026-03-30 17:41:53,460 - autoarray.dataset.imaging.dataset - INFO - IMAGING - Data masked, contains a total of 15380 image-pixels
2026-03-30 17:41:57,170 - jax_plugins.xla_cuda12 - WARNING - cuda_plugin_extension is not found.
2026-03-30 17:42:11,897 - autolens.imaging.plot.fit_imaging_plots - WARNING - Could not plot source reconstruction for plane 1: name 'ggg' is not defined
2026-03-30 17:42:13,061 - autolens.imaging.plot.fit_imaging_plots - WARNING - Could not plot source reconstruction for plane 1: name 'ggg' is not defined
2026-03-30 17:42:22,973 - autolens.imaging.plot.fit_imaging_plots - WARNING - Could not plot source reconstruction for plane 1: name 'ggg' is not defined
2026-03-30 17:42:34,652 - autolens.imaging.plot.fit_imaging_plots - WARNING - Could not plot source reconstruction for plane 1: name 'ggg' is not defined
2026-03-30 17:42:36,219 - autolens.imaging.plot.fit_imaging_plots - WARNING - Could not plot source reconstruction for plane 1: name 'ggg' is not defined
2026-03-30 17:42:52,335 - autolens.imaging.plot.fit_imaging_plots - WARNING - Could not plot source reconstruction for plane 1: name 'ggg' is not defined
2026-03-30 17:45:15,751 - autoarray.dataset.imaging.dataset - INFO - IMAGING - Data masked, contains a total of 15380 image-pixels
2026-03-30 17:45:18,806 - jax_plugins.xla_cuda12 - WARNING - cuda_plugin_extension is not found.
2026-03-30 17:47:46,536 - autoarray.dataset.imaging.dataset - INFO - IMAGING - Data masked, contains a total of 15380 image-pixels
2026-03-30 17:47:50,170 - jax_plugins.xla_cuda12 - WARNING - cuda_plugin_extension is not found.
2026-03-30 17:49:09,155 - autoarray.dataset.imaging.dataset - INFO - IMAGING - Data masked, contains a total of 15380 image-pixels
2026-03-30 17:49:12,466 - jax_plugins.xla_cuda12 - WARNING - cuda_plugin_extension is not found.
2026-03-30 17:50:46,538 - autoarray.inversion.plot.mapper_plots - INFO - Could not plot the source-plane via the Mapper: The length of c must match either the number of points or the number of triangles
2026-03-30 18:20:02,377 - autoarray.dataset.imaging.dataset - INFO - IMAGING - Data masked, contains a total of 15380 image-pixels
2026-03-30 18:20:06,478 - jax_plugins.xla_cuda12 - WARNING - cuda_plugin_extension is not found.
2026-03-30 18:21:43,900 - autoarray.inversion.plot.mapper_plots - INFO - Could not plot the source-plane via the Mapper: The length of c must match either the number of points or the number of triangles
2026-03-30 18:42:33,260 - autoarray.dataset.imaging.dataset - INFO - IMAGING - Data masked, contains a total of 15380 image-pixels
2026-03-30 18:42:36,931 - jax_plugins.xla_cuda12 - WARNING - cuda_plugin_extension is not found.
2026-03-30 18:44:45,006 - autoarray.inversion.plot.mapper_plots - INFO - Could not plot the source-plane via the Mapper: The length of c must match either the number of points or the number of triangles
2026-03-30 19:52:07,612 - autoarray.dataset.imaging.dataset - INFO - IMAGING - Data masked, contains a total of 15380 image-pixels
2026-03-30 19:52:10,956 - jax_plugins.xla_cuda12 - WARNING - cuda_plugin_extension is not found.
2026-03-30 19:54:15,547 - autoarray.inversion.plot.mapper_plots - INFO - Could not plot the source-plane via the Mapper: The length of c must match either the number of points or the number of triangles
2026-03-30 19:55:28,197 - autoarray.dataset.imaging.dataset - INFO - IMAGING - Data masked, contains a total of 15380 image-pixels
2026-03-30 19:55:30,829 - jax_plugins.xla_cuda12 - WARNING - cuda_plugin_extension is not found.
2026-03-30 19:57:03,996 - autoarray.inversion.plot.mapper_plots - INFO - Could not plot the source-plane via the Mapper: The length of c must match either the number of points or the number of triangles
2026-03-31 08:15:55,156 - autoarray.dataset.imaging.dataset - INFO - IMAGING - Data masked, contains a total of 15380 image-pixels
2026-03-31 08:16:01,202 - jax_plugins.xla_cuda12 - WARNING - cuda_plugin_extension is not found.
2026-03-31 08:22:24,447 - autoarray.dataset.imaging.dataset - INFO - IMAGING - Data masked, contains a total of 15380 image-pixels
2026-03-31 08:22:28,162 - jax_plugins.xla_cuda12 - WARNING - cuda_plugin_extension is not found.
2026-03-31 08:33:49,824 - autoarray.dataset.imaging.dataset - INFO - IMAGING - Data masked, contains a total of 15380 image-pixels
2026-03-31 08:33:54,030 - jax_plugins.xla_cuda12 - WARNING - cuda_plugin_extension is not found.
2026-03-31 08:35:59,263 - autoarray.inversion.plot.mapper_plots - INFO - Could not plot the source-plane via the Mapper: The length of c must match either the number of points or the number of triangles
2026-03-31 09:44:15,751 - autoarray.dataset.imaging.dataset - INFO - IMAGING - Data masked, contains a total of 15380 image-pixels
2026-03-31 09:44:20,333 - jax_plugins.xla_cuda12 - WARNING - cuda_plugin_extension is not found.
2026-03-31 09:46:38,339 - autoarray.inversion.plot.mapper_plots - INFO - Could not plot the source-plane via the Mapper: The length of c must match either the number of points or the number of triangles
2026-03-31 09:58:50,012 - autoarray.dataset.imaging.dataset - INFO - IMAGING - Data masked, contains a total of 15380 image-pixels
2026-03-31 09:58:56,356 - jax_plugins.xla_cuda12 - WARNING - cuda_plugin_extension is not found.
2026-03-31 09:59:52,093 - autoarray.inversion.plot.mapper_plots - INFO - Could not plot the source-plane via the Mapper: cannot reshape array of size 20 into shape (14,14)
2026-03-31 10:00:42,144 - autoarray.inversion.plot.mapper_plots - INFO - Could not plot the source-plane via the Mapper: The length of c must match either the number of points or the number of triangles
2026-03-31 10:02:57,764 - autoarray.dataset.imaging.dataset - INFO - IMAGING - Data masked, contains a total of 15380 image-pixels
2026-03-31 10:03:04,621 - jax_plugins.xla_cuda12 - WARNING - cuda_plugin_extension is not found.
2026-03-31 10:04:11,147 - autoarray.inversion.plot.mapper_plots - INFO - Could not plot the source-plane via the Mapper: cannot reshape array of size 20 into shape (14,14)
2026-03-31 10:05:09,762 - autoarray.inversion.plot.mapper_plots - INFO - Could not plot the source-plane via the Mapper: The length of c must match either the number of points or the number of triangles
2026-03-31 10:06:09,363 - autoarray.dataset.imaging.dataset - INFO - IMAGING - Data masked, contains a total of 15380 image-pixels
2026-03-31 10:06:16,013 - jax_plugins.xla_cuda12 - WARNING - cuda_plugin_extension is not found.
2026-03-31 10:07:25,392 - autoarray.inversion.plot.mapper_plots - INFO - Could not plot the source-plane via the Mapper: cannot reshape array of size 20 into shape (14,14)
2026-03-31 10:08:12,673 - autoarray.inversion.plot.mapper_plots - INFO - Could not plot the source-plane via the Mapper: The length of c must match either the number of points or the number of triangles
2026-03-31 10:16:03,127 - autoarray.dataset.imaging.dataset - INFO - IMAGING - Data masked, contains a total of 15380 image-pixels
2026-03-31 10:16:08,584 - jax_plugins.xla_cuda12 - WARNING - cuda_plugin_extension is not found.
2026-03-31 10:17:07,281 - autoarray.inversion.plot.mapper_plots - INFO - Could not plot the source-plane via the Mapper: cannot reshape array of size 20 into shape (14,14)
2026-03-31 10:18:09,572 - autoarray.inversion.plot.mapper_plots - INFO - Could not plot the source-plane via the Mapper: The length of c must match either the number of points or the number of triangles
2026-03-31 10:19:03,020 - autoarray.dataset.imaging.dataset - INFO - IMAGING - Data masked, contains a total of 15380 image-pixels
2026-03-31 10:19:08,469 - jax_plugins.xla_cuda12 - WARNING - cuda_plugin_extension is not found.
2026-03-31 10:20:09,197 - autoarray.inversion.plot.mapper_plots - INFO - Could not plot the source-plane via the Mapper: cannot reshape array of size 20 into shape (14,14)
2026-03-31 10:20:43,858 - autoarray.inversion.plot.mapper_plots - INFO - Could not plot the source-plane via the Mapper: The length of c must match either the number of points or the number of triangles
2026-03-31 10:21:29,132 - autoarray.dataset.imaging.dataset - INFO - IMAGING - Data masked, contains a total of 15380 image-pixels
2026-03-31 10:21:34,986 - jax_plugins.xla_cuda12 - WARNING - cuda_plugin_extension is not found.
2026-03-31 10:22:26,453 - autoarray.inversion.plot.mapper_plots - INFO - Could not plot the source-plane via the Mapper: cannot reshape array of size 20 into shape (14,14)
2026-03-31 10:23:15,826 - autoarray.dataset.imaging.dataset - INFO - IMAGING - Data masked, contains a total of 15380 image-pixels
2026-03-31 10:23:23,166 - jax_plugins.xla_cuda12 - WARNING - cuda_plugin_extension is not found.
2026-03-31 10:24:18,822 - autoarray.inversion.plot.mapper_plots - INFO - Could not plot the source-plane via the Mapper: cannot reshape array of size 20 into shape (14,14)
2026-03-31 10:24:55,592 - autoarray.inversion.plot.mapper_plots - INFO - Could not plot the source-plane via the Mapper: The length of c must match either the number of points or the number of triangles
2026-03-31 10:26:17,133 - autoarray.dataset.imaging.dataset - INFO - IMAGING - Data masked, contains a total of 15380 image-pixels
2026-03-31 10:26:22,337 - jax_plugins.xla_cuda12 - WARNING - cuda_plugin_extension is not found.
2026-03-31 10:26:59,228 - autoarray.dataset.imaging.dataset - INFO - IMAGING - Data masked, contains a total of 15380 image-pixels
2026-03-31 10:27:04,301 - jax_plugins.xla_cuda12 - WARNING - cuda_plugin_extension is not found.
2026-03-31 10:27:54,389 - autoarray.inversion.plot.mapper_plots - INFO - Could not plot the source-plane via the Mapper: cannot reshape array of size 20 into shape (14,14)
2026-03-31 10:28:33,340 - autoarray.inversion.plot.mapper_plots - INFO - Could not plot the source-plane via the Mapper: The length of c must match either the number of points or the number of triangles
2026-03-31 10:30:49,139 - autoarray.dataset.imaging.dataset - INFO - IMAGING - Data masked, contains a total of 15380 image-pixels
2026-03-31 10:30:54,404 - jax_plugins.xla_cuda12 - WARNING - cuda_plugin_extension is not found.
2026-03-31 10:31:48,457 - autoarray.inversion.plot.mapper_plots - INFO - Could not plot the source-plane via the Mapper: cannot reshape array of size 20 into shape (14,14)
2026-03-31 10:32:49,722 - autoarray.inversion.plot.mapper_plots - INFO - Could not plot the source-plane via the Mapper: The length of c must match either the number of points or the number of triangles
2026-03-31 10:33:23,421 - autoarray.dataset.imaging.dataset - INFO - IMAGING - Data masked, contains a total of 15380 image-pixels
2026-03-31 10:33:28,368 - jax_plugins.xla_cuda12 - WARNING - cuda_plugin_extension is not found.
2026-03-31 10:34:12,939 - autoarray.inversion.plot.mapper_plots - INFO - Could not plot the source-plane via the Mapper: cannot reshape array of size 20 into shape (14,14)
2026-03-31 10:34:46,563 - autoarray.inversion.plot.mapper_plots - INFO - Could not plot the source-plane via the Mapper: The length of c must match either the number of points or the number of triangles
2026-03-31 10:39:21,660 - autoarray.dataset.imaging.dataset - INFO - IMAGING - Data masked, contains a total of 15380 image-pixels
2026-03-31 10:39:27,269 - jax_plugins.xla_cuda12 - WARNING - cuda_plugin_extension is not found.
2026-03-31 10:40:18,712 - autoarray.inversion.plot.mapper_plots - INFO - Could not plot the source-plane via the Mapper: cannot reshape array of size 20 into shape (14,14)
2026-03-31 10:41:09,440 - autoarray.inversion.plot.mapper_plots - INFO - Could not plot the source-plane via the Mapper: The length of c must match either the number of points or the number of triangles
2026-03-31 10:45:26,957 - autoarray.dataset.imaging.dataset - INFO - IMAGING - Data masked, contains a total of 15380 image-pixels
2026-03-31 10:45:32,767 - jax_plugins.xla_cuda12 - WARNING - cuda_plugin_extension is not found.
2026-03-31 10:46:23,389 - autoarray.inversion.plot.mapper_plots - INFO - Could not plot the source-plane via the Mapper: cannot reshape array of size 20 into shape (14,14)
2026-03-31 10:47:01,709 - autoarray.inversion.plot.mapper_plots - INFO - Could not plot the source-plane via the Mapper: The length of c must match either the number of points or the number of triangles
2026-03-31 10:55:20,635 - autoarray.dataset.imaging.dataset - INFO - IMAGING - Data masked, contains a total of 15380 image-pixels
2026-03-31 10:55:25,770 - jax_plugins.xla_cuda12 - WARNING - cuda_plugin_extension is not found.
2026-03-31 10:56:11,617 - autoarray.inversion.plot.mapper_plots - INFO - Could not plot the source-plane via the Mapper: cannot reshape array of size 20 into shape (14,14)
2026-03-31 10:56:47,196 - autoarray.inversion.plot.mapper_plots - INFO - Could not plot the source-plane via the Mapper: The length of c must match either the number of points or the number of triangles
2026-03-31 20:31:31,236 - autoarray.dataset.imaging.dataset - INFO - IMAGING - Data masked, contains a total of 15380 image-pixels
2026-03-31 20:31:38,247 - jax_plugins.xla_cuda12 - WARNING - cuda_plugin_extension is not found.
2026-03-31 20:35:13,244 - autoarray.inversion.plot.mapper_plots - INFO - Could not plot the source-plane via the Mapper: cannot reshape array of size 20 into shape (14,14)
2026-03-31 20:37:02,982 - autoarray.inversion.plot.mapper_plots - INFO - Could not plot the source-plane via the Mapper: The length of c must match either the number of points or the number of triangles
2026-04-01 11:12:30,866 - autoarray.dataset.imaging.dataset - INFO - IMAGING - Data masked, contains a total of 15380 image-pixels
2026-04-01 11:12:38,122 - jax_plugins.xla_cuda12 - WARNING - cuda_plugin_extension is not found.
2026-04-01 11:15:40,671 - autoarray.inversion.plot.mapper_plots - INFO - Could not plot the source-plane via the Mapper: cannot reshape array of size 20 into shape (14,14)
2026-04-01 11:17:13,982 - autoarray.inversion.plot.mapper_plots - INFO - Could not plot the source-plane via the Mapper: The length of c must match either the number of points or the number of triangles
2026-04-01 11:26:30,620 - autoarray.dataset.imaging.dataset - INFO - IMAGING - Data masked, contains a total of 15380 image-pixels
2026-04-01 11:26:37,360 - jax_plugins.xla_cuda12 - WARNING - cuda_plugin_extension is not found.
2026-04-01 11:29:26,586 - autoarray.inversion.plot.mapper_plots - INFO - Could not plot the source-plane via the Mapper: cannot reshape array of size 20 into shape (14,14)
2026-04-01 11:31:09,271 - autoarray.inversion.plot.mapper_plots - INFO - Could not plot the source-plane via the Mapper: The length of c must match either the number of points or the number of triangles
2026-04-01 11:35:29,399 - autoarray.dataset.imaging.dataset - INFO - IMAGING - Data masked, contains a total of 15380 image-pixels
2026-04-01 11:35:35,204 - jax_plugins.xla_cuda12 - WARNING - cuda_plugin_extension is not found.
2026-04-01 11:38:41,399 - autoarray.inversion.plot.mapper_plots - INFO - Could not plot the source-plane via the Mapper: cannot reshape array of size 20 into shape (14,14)
2026-04-01 11:40:11,300 - autoarray.inversion.plot.mapper_plots - INFO - Could not plot the source-plane via the Mapper: The length of c must match either the number of points or the number of triangles
2026-04-01 11:41:23,487 - autoarray.dataset.imaging.dataset - INFO - IMAGING - Data masked, contains a total of 15380 image-pixels
2026-04-01 11:41:30,343 - jax_plugins.xla_cuda12 - WARNING - cuda_plugin_extension is not found.
2026-04-01 11:42:14,321 - autoarray.dataset.imaging.dataset - INFO - IMAGING - Data masked, contains a total of 15380 image-pixels
2026-04-01 11:42:23,386 - jax_plugins.xla_cuda12 - WARNING - cuda_plugin_extension is not found.
2026-04-01 11:43:14,836 - autoarray.inversion.plot.mapper_plots - INFO - Could not plot the source-plane via the Mapper: cannot reshape array of size 20 into shape (14,14)
2026-04-01 11:43:58,881 - autoarray.inversion.plot.mapper_plots - INFO - Could not plot the source-plane via the Mapper: The length of c must match either the number of points or the number of triangles
2026-04-01 11:44:45,363 - autoarray.dataset.imaging.dataset - INFO - IMAGING - Data masked, contains a total of 15380 image-pixels
2026-04-01 11:44:51,676 - jax_plugins.xla_cuda12 - WARNING - cuda_plugin_extension is not found.
2026-04-01 11:47:46,172 - autoarray.inversion.plot.mapper_plots - INFO - Could not plot the source-plane via the Mapper: cannot reshape array of size 20 into shape (14,14)
2026-04-01 11:49:41,579 - autoarray.inversion.plot.mapper_plots - INFO - Could not plot the source-plane via the Mapper: The length of c must match either the number of points or the number of triangles
2026-04-01 19:24:24,823 - jax_plugins.xla_cuda12 - WARNING - cuda_plugin_extension is not found.
2026-04-01 19:52:51,843 - jax_plugins.xla_cuda12 - WARNING - cuda_plugin_extension is not found.
2026-04-01 19:55:11,604 - jax_plugins.xla_cuda12 - WARNING - cuda_plugin_extension is not found.
2026-04-01 20:02:47,957 - jax_plugins.xla_cuda12 - WARNING - cuda_plugin_extension is not found.
2026-04-01 20:08:28,189 - autoarray.dataset.imaging.dataset - INFO - IMAGING - Data masked, contains a total of 15380 image-pixels
2026-04-01 20:08:33,103 - jax_plugins.xla_cuda12 - WARNING - cuda_plugin_extension is not found.
2026-04-01 20:11:12,330 - autoarray.inversion.plot.mapper_plots - INFO - Could not plot the source-plane via the Mapper: cannot reshape array of size 20 into shape (14,14)
2026-04-01 20:12:44,760 - autoarray.inversion.plot.mapper_plots - INFO - Could not plot the source-plane via the Mapper: The length of c must match either the number of points or the number of triangles
2026-04-01 20:13:19,080 - jax_plugins.xla_cuda12 - WARNING - cuda_plugin_extension is not found.
2026-04-01 20:17:14,090 - jax_plugins.xla_cuda12 - WARNING - cuda_plugin_extension is not found.
2026-04-01 20:17:36,593 - autoarray.dataset.imaging.dataset - INFO - IMAGING - Data masked, contains a total of 15380 image-pixels
2026-04-01 20:17:42,015 - jax_plugins.xla_cuda12 - WARNING - cuda_plugin_extension is not found.
2026-04-01 20:22:50,118 - autoarray.inversion.plot.mapper_plots - INFO - Could not plot the source-plane via the Mapper: cannot reshape array of size 20 into shape (14,14)
2026-04-01 20:25:53,490 - autoarray.inversion.plot.mapper_plots - INFO - Could not plot the source-plane via the Mapper: The length of c must match either the number of points or the number of triangles
2026-04-01 20:27:24,933 - jax_plugins.xla_cuda12 - WARNING - cuda_plugin_extension is not found.
2026-04-01 20:33:27,761 - autoarray.inversion.plot.mapper_plots - INFO - Could not plot the source-plane via the Mapper: cannot reshape array of size 20 into shape (8,8)
2026-04-01 20:36:10,290 - autoarray.dataset.imaging.dataset - INFO - IMAGING - Data masked, contains a total of 15380 image-pixels
2026-04-01 20:36:16,298 - jax_plugins.xla_cuda12 - WARNING - cuda_plugin_extension is not found.
2026-04-01 20:36:29,198 - autoarray.inversion.plot.mapper_plots - INFO - Could not plot the source-plane via the Mapper: The length of c must match either the number of points or the number of triangles
2026-04-01 20:40:44,665 - autoarray.inversion.plot.mapper_plots - INFO - Could not plot the source-plane via the Mapper: cannot reshape array of size 20 into shape (14,14)
2026-04-01 20:43:16,261 - autoarray.inversion.plot.mapper_plots - INFO - Could not plot the source-plane via the Mapper: The length of c must match either the number of points or the number of triangles
2026-04-02 09:27:08,462 - jax_plugins.xla_cuda12 - WARNING - cuda_plugin_extension is not found.
2026-04-02 09:31:11,033 - jax_plugins.xla_cuda12 - WARNING - cuda_plugin_extension is not found.
2026-04-02 09:31:23,425 - autoarray.dataset.imaging.dataset - INFO - IMAGING - Data masked, contains a total of 15380 image-pixels
2026-04-02 09:31:30,881 - jax_plugins.xla_cuda12 - WARNING - cuda_plugin_extension is not found.
2026-04-02 09:37:08,790 - autoarray.dataset.imaging.dataset - INFO - IMAGING - Data masked, contains a total of 15380 image-pixels
2026-04-02 09:37:15,909 - jax_plugins.xla_cuda12 - WARNING - cuda_plugin_extension is not found.
2026-04-02 09:37:17,082 - jax_plugins.xla_cuda12 - WARNING - cuda_plugin_extension is not found.
2026-04-02 09:41:16,122 - autoarray.dataset.imaging.dataset - INFO - IMAGING - Data masked, contains a total of 15380 image-pixels
2026-04-02 09:41:19,579 - jax_plugins.xla_cuda12 - WARNING - cuda_plugin_extension is not found.
2026-04-02 09:41:23,641 - jax_plugins.xla_cuda12 - WARNING - cuda_plugin_extension is not found.
2026-04-02 09:44:07,919 - autoarray.dataset.imaging.dataset - INFO - IMAGING - Data masked, contains a total of 15380 image-pixels
2026-04-02 09:44:14,687 - jax_plugins.xla_cuda12 - WARNING - cuda_plugin_extension is not found.
2026-04-02 09:49:15,193 - autoarray.dataset.imaging.dataset - INFO - IMAGING - Data masked, contains a total of 15380 image-pixels
2026-04-02 09:49:24,643 - jax_plugins.xla_cuda12 - WARNING - cuda_plugin_extension is not found.
2026-04-02 09:56:09,639 - autoarray.inversion.plot.mapper_plots - INFO - Could not plot the source-plane via the Mapper: cannot reshape array of size 20 into shape (14,14)
2026-04-02 09:58:40,071 - autoarray.dataset.imaging.dataset - INFO - IMAGING - Data masked, contains a total of 15380 image-pixels
2026-04-02 09:58:42,616 - jax_plugins.xla_cuda12 - WARNING - cuda_plugin_extension is not found.
2026-04-02 09:58:46,657 - jax_plugins.xla_cuda12 - WARNING - cuda_plugin_extension is not found.
2026-04-02 10:05:30,687 - autoarray.inversion.plot.mapper_plots - INFO - Could not plot the source-plane via the Mapper: cannot reshape array of size 20 into shape (14,14)
2026-04-02 10:07:01,187 - autoarray.inversion.plot.mapper_plots - INFO - Could not plot the source-plane via the Mapper: cannot reshape array of size 20 into shape (8,8)
2026-04-02 10:09:23,426 - autoarray.inversion.plot.mapper_plots - INFO - Could not plot the source-plane via the Mapper: The length of c must match either the number of points or the number of triangles
2026-04-02 10:11:28,413 - autoarray.inversion.plot.mapper_plots - INFO - Could not plot the source-plane via the Mapper: The length of c must match either the number of points or the number of triangles
2026-04-02 10:14:00,559 - autoarray.dataset.imaging.dataset - INFO - IMAGING - Data masked, contains a total of 15380 image-pixels
2026-04-02 10:14:03,841 - jax_plugins.xla_cuda12 - WARNING - cuda_plugin_extension is not found.
2026-04-02 10:14:08,184 - jax_plugins.xla_cuda12 - WARNING - cuda_plugin_extension is not found.
2026-04-02 10:20:22,696 - autoarray.inversion.plot.mapper_plots - INFO - Could not plot the source-plane via the Mapper: cannot reshape array of size 20 into shape (14,14)
2026-04-02 10:21:56,808 - autoarray.inversion.plot.mapper_plots - INFO - Could not plot the source-plane via the Mapper: cannot reshape array of size 20 into shape (8,8)
2026-04-02 10:23:40,313 - autoarray.dataset.imaging.dataset - INFO - IMAGING - Data masked, contains a total of 15380 image-pixels
2026-04-02 10:23:46,886 - jax_plugins.xla_cuda12 - WARNING - cuda_plugin_extension is not found.
2026-04-02 10:23:54,209 - jax_plugins.xla_cuda12 - WARNING - cuda_plugin_extension is not found.
2026-04-02 10:29:57,460 - autoarray.inversion.plot.mapper_plots - INFO - Could not plot the source-plane via the Mapper: cannot reshape array of size 20 into shape (14,14)
2026-04-02 10:31:42,954 - autoarray.inversion.plot.mapper_plots - INFO - Could not plot the source-plane via the Mapper: cannot reshape array of size 20 into shape (8,8)
2026-04-02 10:33:14,162 - autoarray.inversion.plot.mapper_plots - INFO - Could not plot the source-plane via the Mapper: The length of c must match either the number of points or the number of triangles
2026-04-02 10:35:14,703 - autoarray.inversion.plot.mapper_plots - INFO - Could not plot the source-plane via the Mapper: The length of c must match either the number of points or the number of triangles
2026-04-02 10:46:53,421 - autoarray.dataset.imaging.dataset - INFO - IMAGING - Data masked, contains a total of 15380 image-pixels
2026-04-02 10:46:57,043 - jax_plugins.xla_cuda12 - WARNING - cuda_plugin_extension is not found.
2026-04-02 10:46:59,641 - jax_plugins.xla_cuda12 - WARNING - cuda_plugin_extension is not found.
2026-04-02 10:53:49,686 - autoarray.inversion.plot.mapper_plots - INFO - Could not plot the source-plane via the Mapper: cannot reshape array of size 20 into shape (14,14)
2026-04-02 10:55:23,433 - autoarray.inversion.plot.mapper_plots - INFO - Could not plot the source-plane via the Mapper: cannot reshape array of size 20 into shape (8,8)
2026-04-02 10:57:14,021 - autoarray.inversion.plot.mapper_plots - INFO - Could not plot the source-plane via the Mapper: The length of c must match either the number of points or the number of triangles
2026-04-02 11:00:42,412 - autoarray.dataset.imaging.dataset - INFO - IMAGING - Data masked, contains a total of 15380 image-pixels
2026-04-02 11:00:48,408 - jax_plugins.xla_cuda12 - WARNING - cuda_plugin_extension is not found.
2026-04-02 11:04:03,543 - autoarray.inversion.plot.mapper_plots - INFO - Could not plot the source-plane via the Mapper: cannot reshape array of size 20 into shape (14,14)
2026-04-02 11:06:06,475 - autoarray.inversion.plot.mapper_plots - INFO - Could not plot the source-plane via the Mapper: The length of c must match either the number of points or the number of triangles
2026-04-02 11:06:39,852 - autoarray.dataset.imaging.dataset - INFO - IMAGING - Data masked, contains a total of 15380 image-pixels
2026-04-02 11:06:45,877 - jax_plugins.xla_cuda12 - WARNING - cuda_plugin_extension is not found.
2026-04-02 11:15:14,317 - autoarray.dataset.imaging.dataset - INFO - IMAGING - Data masked, contains a total of 15380 image-pixels
2026-04-02 11:15:24,430 - jax_plugins.xla_cuda12 - WARNING - cuda_plugin_extension is not found.
2026-04-02 11:18:32,187 - autoarray.dataset.imaging.dataset - INFO - IMAGING - Data masked, contains a total of 15380 image-pixels
2026-04-02 11:18:37,185 - jax_plugins.xla_cuda12 - WARNING - cuda_plugin_extension is not found.
2026-04-02 11:19:37,142 - autoarray.inversion.plot.mapper_plots - INFO - Could not plot the source-plane via the Mapper: cannot reshape array of size 20 into shape (14,14)
2026-04-02 11:20:03,838 - jax_plugins.xla_cuda12 - WARNING - cuda_plugin_extension is not found.
2026-04-02 11:20:22,753 - autoarray.inversion.plot.mapper_plots - INFO - Could not plot the source-plane via the Mapper: cannot reshape array of size 20 into shape (8,8)
2026-04-02 11:20:28,123 - autoarray.inversion.plot.mapper_plots - INFO - Could not plot the source-plane via the Mapper: The length of c must match either the number of points or the number of triangles
2026-04-02 11:20:31,638 - autoarray.inversion.plot.mapper_plots - INFO - Could not plot the source-plane via the Mapper: The length of c must match either the number of points or the number of triangles
2026-04-02 11:38:56,280 - autoarray.dataset.imaging.dataset - INFO - IMAGING - Data masked, contains a total of 15380 image-pixels
2026-04-02 11:39:01,608 - jax_plugins.xla_cuda12 - WARNING - cuda_plugin_extension is not found.
2026-04-02 11:40:04,020 - autoarray.inversion.plot.mapper_plots - INFO - Could not plot the source-plane via the Mapper: cannot reshape array of size 20 into shape (14,14)
2026-04-02 11:40:47,512 - autoarray.inversion.plot.mapper_plots - INFO - Could not plot the source-plane via the Mapper: The length of c must match either the number of points or the number of triangles
2026-04-02 11:42:44,114 - autoarray.dataset.imaging.dataset - INFO - IMAGING - Data masked, contains a total of 15380 image-pixels
2026-04-02 11:42:48,957 - jax_plugins.xla_cuda12 - WARNING - cuda_plugin_extension is not found.
2026-04-02 11:43:52,589 - autoarray.inversion.plot.mapper_plots - INFO - Could not plot the source-plane via the Mapper: cannot reshape array of size 20 into shape (14,14)
2026-04-02 11:44:36,746 - autoarray.inversion.plot.mapper_plots - INFO - Could not plot the source-plane via the Mapper: The length of c must match either the number of points or the number of triangles
2026-04-02 11:45:59,268 - jax_plugins.xla_cuda12 - WARNING - cuda_plugin_extension is not found.
2026-04-02 11:46:17,344 - autoarray.inversion.plot.mapper_plots - INFO - Could not plot the source-plane via the Mapper: cannot reshape array of size 20 into shape (8,8)
2026-04-02 11:46:25,949 - autoarray.inversion.plot.mapper_plots - INFO - Could not plot the source-plane via the Mapper: The length of c must match either the number of points or the number of triangles
2026-04-02 11:54:40,182 - autoarray.dataset.imaging.dataset - INFO - IMAGING - Data masked, contains a total of 15380 image-pixels
2026-04-02 11:54:45,175 - jax_plugins.xla_cuda12 - WARNING - cuda_plugin_extension is not found.
2026-04-02 11:55:49,165 - autoarray.inversion.plot.mapper_plots - INFO - Could not plot the source-plane via the Mapper: cannot reshape array of size 20 into shape (14,14)
2026-04-02 11:56:31,201 - autoarray.inversion.plot.mapper_plots - INFO - Could not plot the source-plane via the Mapper: The length of c must match either the number of points or the number of triangles
2026-04-02 11:59:17,822 - autoarray.dataset.imaging.dataset - INFO - IMAGING - Data masked, contains a total of 15380 image-pixels
2026-04-02 11:59:27,003 - jax_plugins.xla_cuda12 - WARNING - cuda_plugin_extension is not found.
2026-04-02 11:59:28,009 - jax_plugins.xla_cuda12 - WARNING - cuda_plugin_extension is not found.
2026-04-02 11:59:53,253 - autoarray.inversion.plot.mapper_plots - INFO - Could not plot the source-plane via the Mapper: cannot reshape array of size 20 into shape (8,8)
2026-04-02 12:00:06,236 - autoarray.inversion.plot.mapper_plots - INFO - Could not plot the source-plane via the Mapper: The length of c must match either the number of points or the number of triangles
2026-04-02 12:01:12,457 - autoarray.inversion.plot.mapper_plots - INFO - Could not plot the source-plane via the Mapper: cannot reshape array of size 20 into shape (14,14)
2026-04-02 12:02:21,576 - autoarray.inversion.plot.mapper_plots - INFO - Could not plot the source-plane via the Mapper: The length of c must match either the number of points or the number of triangles
2026-04-02 12:12:38,244 - autoarray.dataset.imaging.dataset - INFO - IMAGING - Data masked, contains a total of 15380 image-pixels
2026-04-02 12:12:44,066 - jax_plugins.xla_cuda12 - WARNING - cuda_plugin_extension is not found.
2026-04-02 12:14:05,356 - autoarray.inversion.plot.mapper_plots - INFO - Could not plot the source-plane via the Mapper: cannot reshape array of size 20 into shape (14,14)
2026-04-02 12:15:09,744 - autoarray.inversion.plot.mapper_plots - INFO - Could not plot the source-plane via the Mapper: The length of c must match either the number of points or the number of triangles
2026-04-02 12:17:37,381 - autoarray.dataset.imaging.dataset - INFO - IMAGING - Data masked, contains a total of 15380 image-pixels
2026-04-02 12:17:40,337 - jax_plugins.xla_cuda12 - WARNING - cuda_plugin_extension is not found.
2026-04-02 12:18:35,298 - autoarray.dataset.imaging.dataset - INFO - IMAGING - Data masked, contains a total of 15380 image-pixels
2026-04-02 12:18:37,711 - jax_plugins.xla_cuda12 - WARNING - cuda_plugin_extension is not found.
2026-04-02 12:19:47,572 - autoarray.dataset.imaging.dataset - INFO - IMAGING - Data masked, contains a total of 15380 image-pixels
2026-04-02 12:19:49,719 - jax_plugins.xla_cuda12 - WARNING - cuda_plugin_extension is not found.
2026-04-02 12:21:34,241 - autoarray.dataset.imaging.dataset - INFO - IMAGING - Data masked, contains a total of 15380 image-pixels
2026-04-02 12:21:37,227 - jax_plugins.xla_cuda12 - WARNING - cuda_plugin_extension is not found.
2026-04-02 12:21:41,013 - jax_plugins.xla_cuda12 - WARNING - cuda_plugin_extension is not found.
2026-04-02 12:21:54,044 - autoarray.inversion.plot.mapper_plots - INFO - Could not plot the source-plane via the Mapper: cannot reshape array of size 20 into shape (8,8)
2026-04-02 12:22:01,491 - autoarray.inversion.plot.mapper_plots - INFO - Could not plot the source-plane via the Mapper: The length of c must match either the number of points or the number of triangles
2026-04-02 12:22:41,323 - autoarray.inversion.plot.mapper_plots - INFO - Could not plot the source-plane via the Mapper: cannot reshape array of size 20 into shape (14,14)
2026-04-02 12:23:22,978 - autoarray.inversion.plot.mapper_plots - INFO - Could not plot the source-plane via the Mapper: The length of c must match either the number of points or the number of triangles
